2020-08-29 23:54:09.013 [main] INFO  com.zx.service.edu_service.EduApplication - Starting EduApplication on DESKTOP-C0UPCFC with PID 19612 (E:\guli\service\service_edu\target\classes started by zx in E:\guli)
2020-08-29 23:54:09.019 [main] INFO  com.zx.service.edu_service.EduApplication - The following profiles are active: dev
2020-08-29 23:54:09.948 [main] INFO  o.s.d.r.config.RepositoryConfigurationDelegate - Multiple Spring Data modules found, entering strict repository configuration mode!
2020-08-29 23:54:09.950 [main] INFO  o.s.d.r.config.RepositoryConfigurationDelegate - Bootstrapping Spring Data repositories in DEFAULT mode.
2020-08-29 23:54:09.977 [main] INFO  o.s.d.r.config.RepositoryConfigurationDelegate - Finished Spring Data repository scanning in 15ms. Found 0 repository interfaces.
2020-08-29 23:54:10.226 [main] INFO  o.s.c.s.PostProcessorRegistrationDelegate$BeanPostProcessorChecker - Bean 'org.springframework.transaction.annotation.ProxyTransactionManagementConfiguration' of type [org.springframework.transaction.annotation.ProxyTransactionManagementConfiguration] is not eligible for getting processed by all BeanPostProcessors (for example: not eligible for auto-proxying)
2020-08-29 23:54:10.464 [main] INFO  o.s.boot.web.embedded.tomcat.TomcatWebServer - Tomcat initialized with port(s): 8001 (http)
2020-08-29 23:54:10.473 [main] INFO  org.apache.coyote.http11.Http11NioProtocol - Initializing ProtocolHandler ["http-nio-8001"]
2020-08-29 23:54:10.474 [main] INFO  org.apache.catalina.core.StandardService - Starting service [Tomcat]
2020-08-29 23:54:10.475 [main] INFO  org.apache.catalina.core.StandardEngine - Starting Servlet engine: [Apache Tomcat/9.0.27]
2020-08-29 23:54:10.607 [main] INFO  o.a.c.core.ContainerBase.[Tomcat].[localhost].[/] - Initializing Spring embedded WebApplicationContext
2020-08-29 23:54:10.607 [main] INFO  org.springframework.web.context.ContextLoader - Root WebApplicationContext: initialization completed in 1523 ms
2020-08-29 23:54:12.357 [main] INFO  s.d.s.w.PropertySourcedRequestMappingHandlerMapping - Mapped URL path [/v2/api-docs] onto method [springfox.documentation.swagger2.web.Swagger2Controller#getDocumentation(String, HttpServletRequest)]
2020-08-29 23:54:12.443 [main] INFO  o.s.scheduling.concurrent.ThreadPoolTaskExecutor - Initializing ExecutorService 'applicationTaskExecutor'
2020-08-29 23:54:12.842 [main] INFO  s.d.s.web.plugins.DocumentationPluginsBootstrapper - Context refreshed
2020-08-29 23:54:12.856 [main] INFO  s.d.s.web.plugins.DocumentationPluginsBootstrapper - Found 1 custom documentation plugin(s)
2020-08-29 23:54:12.884 [main] INFO  s.d.spring.web.scanners.ApiListingReferenceScanner - Scanning for api listing references
2020-08-29 23:54:13.031 [main] INFO  org.apache.coyote.http11.Http11NioProtocol - Starting ProtocolHandler ["http-nio-8001"]
2020-08-29 23:54:13.051 [main] INFO  o.s.boot.web.embedded.tomcat.TomcatWebServer - Tomcat started on port(s): 8001 (http) with context path ''
2020-08-29 23:54:13.054 [main] INFO  com.zx.service.edu_service.EduApplication - Started EduApplication in 4.636 seconds (JVM running for 7.698)
2020-08-29 23:54:23.173 [http-nio-8001-exec-1] INFO  o.a.c.core.ContainerBase.[Tomcat].[localhost].[/] - Initializing Spring DispatcherServlet 'dispatcherServlet'
2020-08-29 23:54:23.174 [http-nio-8001-exec-1] INFO  org.springframework.web.servlet.DispatcherServlet - Initializing Servlet 'dispatcherServlet'
2020-08-29 23:54:23.182 [http-nio-8001-exec-1] INFO  org.springframework.web.servlet.DispatcherServlet - Completed initialization in 8 ms
