2020-08-30 02:44:46.917 [main] INFO  com.zx.service.edu_service.EduApplication - Starting EduApplication on DESKTOP-C0UPCFC with PID 13196 (E:\guli\service\service_edu\target\classes started by zx in E:\guli)
2020-08-30 02:44:46.950 [main] INFO  com.zx.service.edu_service.EduApplication - The following profiles are active: dev
2020-08-30 02:44:47.693 [main] INFO  o.s.d.r.config.RepositoryConfigurationDelegate - Multiple Spring Data modules found, entering strict repository configuration mode!
2020-08-30 02:44:47.695 [main] INFO  o.s.d.r.config.RepositoryConfigurationDelegate - Bootstrapping Spring Data repositories in DEFAULT mode.
2020-08-30 02:44:47.721 [main] INFO  o.s.d.r.config.RepositoryConfigurationDelegate - Finished Spring Data repository scanning in 14ms. Found 0 repository interfaces.
2020-08-30 02:44:47.995 [main] INFO  o.s.c.s.PostProcessorRegistrationDelegate$BeanPostProcessorChecker - Bean 'org.springframework.transaction.annotation.ProxyTransactionManagementConfiguration' of type [org.springframework.transaction.annotation.ProxyTransactionManagementConfiguration] is not eligible for getting processed by all BeanPostProcessors (for example: not eligible for auto-proxying)
2020-08-30 02:44:48.189 [main] INFO  o.s.boot.web.embedded.tomcat.TomcatWebServer - Tomcat initialized with port(s): 8001 (http)
2020-08-30 02:44:48.196 [main] INFO  org.apache.coyote.http11.Http11NioProtocol - Initializing ProtocolHandler ["http-nio-8001"]
2020-08-30 02:44:48.196 [main] INFO  org.apache.catalina.core.StandardService - Starting service [Tomcat]
2020-08-30 02:44:48.197 [main] INFO  org.apache.catalina.core.StandardEngine - Starting Servlet engine: [Apache Tomcat/9.0.27]
2020-08-30 02:44:48.305 [main] INFO  o.a.c.core.ContainerBase.[Tomcat].[localhost].[/] - Initializing Spring embedded WebApplicationContext
2020-08-30 02:44:48.306 [main] INFO  org.springframework.web.context.ContextLoader - Root WebApplicationContext: initialization completed in 1320 ms
2020-08-30 02:44:50.134 [main] INFO  s.d.s.w.PropertySourcedRequestMappingHandlerMapping - Mapped URL path [/v2/api-docs] onto method [springfox.documentation.swagger2.web.Swagger2Controller#getDocumentation(String, HttpServletRequest)]
2020-08-30 02:44:50.232 [main] INFO  o.s.scheduling.concurrent.ThreadPoolTaskExecutor - Initializing ExecutorService 'applicationTaskExecutor'
2020-08-30 02:44:50.667 [main] INFO  s.d.s.web.plugins.DocumentationPluginsBootstrapper - Context refreshed
2020-08-30 02:44:50.685 [main] INFO  s.d.s.web.plugins.DocumentationPluginsBootstrapper - Found 1 custom documentation plugin(s)
2020-08-30 02:44:50.732 [main] INFO  s.d.spring.web.scanners.ApiListingReferenceScanner - Scanning for api listing references
2020-08-30 02:44:50.933 [main] INFO  org.apache.coyote.http11.Http11NioProtocol - Starting ProtocolHandler ["http-nio-8001"]
2020-08-30 02:44:50.962 [main] INFO  o.s.boot.web.embedded.tomcat.TomcatWebServer - Tomcat started on port(s): 8001 (http) with context path ''
2020-08-30 02:44:50.964 [main] INFO  com.zx.service.edu_service.EduApplication - Started EduApplication in 4.484 seconds (JVM running for 6.373)
2020-08-30 02:45:03.777 [http-nio-8001-exec-1] INFO  o.a.c.core.ContainerBase.[Tomcat].[localhost].[/] - Initializing Spring DispatcherServlet 'dispatcherServlet'
2020-08-30 02:45:03.777 [http-nio-8001-exec-1] INFO  org.springframework.web.servlet.DispatcherServlet - Initializing Servlet 'dispatcherServlet'
2020-08-30 02:45:03.785 [http-nio-8001-exec-1] INFO  org.springframework.web.servlet.DispatcherServlet - Completed initialization in 8 ms
2020-08-30 02:49:16.026 [http-nio-8001-exec-3] INFO  org.apache.tomcat.util.http.parser.Cookie - A cookie header was received [1581416000,1581570764; Admin-Token=admin; sidebarStatus=1] that contained an invalid cookie. That cookie will be ignored.
 Note: further occurrences of this error will be logged at DEBUG level.
2020-08-30 02:51:44.550 [http-nio-8001-exec-8] INFO  com.zaxxer.hikari.HikariDataSource - HikariPool-1 - Starting...
2020-08-30 02:51:44.672 [http-nio-8001-exec-8] INFO  com.zaxxer.hikari.HikariDataSource - HikariPool-1 - Start completed.
2020-08-30 03:21:26.917 [SpringContextShutdownHook] INFO  o.s.scheduling.concurrent.ThreadPoolTaskExecutor - Shutting down ExecutorService 'applicationTaskExecutor'
2020-08-30 03:21:26.918 [SpringContextShutdownHook] INFO  com.zaxxer.hikari.HikariDataSource - HikariPool-1 - Shutdown initiated...
2020-08-30 03:21:26.922 [SpringContextShutdownHook] INFO  com.zaxxer.hikari.HikariDataSource - HikariPool-1 - Shutdown completed.
2020-08-30 03:21:33.800 [main] INFO  com.zx.service.edu_service.EduApplication - Starting EduApplication on DESKTOP-C0UPCFC with PID 20060 (E:\guli\service\service_edu\target\classes started by zx in E:\guli)
2020-08-30 03:21:33.803 [main] INFO  com.zx.service.edu_service.EduApplication - The following profiles are active: dev
2020-08-30 03:21:34.542 [main] INFO  o.s.d.r.config.RepositoryConfigurationDelegate - Multiple Spring Data modules found, entering strict repository configuration mode!
2020-08-30 03:21:34.543 [main] INFO  o.s.d.r.config.RepositoryConfigurationDelegate - Bootstrapping Spring Data repositories in DEFAULT mode.
2020-08-30 03:21:34.565 [main] INFO  o.s.d.r.config.RepositoryConfigurationDelegate - Finished Spring Data repository scanning in 12ms. Found 0 repository interfaces.
2020-08-30 03:21:34.813 [main] INFO  o.s.c.s.PostProcessorRegistrationDelegate$BeanPostProcessorChecker - Bean 'org.springframework.transaction.annotation.ProxyTransactionManagementConfiguration' of type [org.springframework.transaction.annotation.ProxyTransactionManagementConfiguration] is not eligible for getting processed by all BeanPostProcessors (for example: not eligible for auto-proxying)
2020-08-30 03:21:35.002 [main] INFO  o.s.boot.web.embedded.tomcat.TomcatWebServer - Tomcat initialized with port(s): 8001 (http)
2020-08-30 03:21:35.010 [main] INFO  org.apache.coyote.http11.Http11NioProtocol - Initializing ProtocolHandler ["http-nio-8001"]
2020-08-30 03:21:35.010 [main] INFO  org.apache.catalina.core.StandardService - Starting service [Tomcat]
2020-08-30 03:21:35.011 [main] INFO  org.apache.catalina.core.StandardEngine - Starting Servlet engine: [Apache Tomcat/9.0.27]
2020-08-30 03:21:35.119 [main] INFO  o.a.c.core.ContainerBase.[Tomcat].[localhost].[/] - Initializing Spring embedded WebApplicationContext
2020-08-30 03:21:35.119 [main] INFO  org.springframework.web.context.ContextLoader - Root WebApplicationContext: initialization completed in 1253 ms
2020-08-30 03:21:36.707 [main] INFO  s.d.s.w.PropertySourcedRequestMappingHandlerMapping - Mapped URL path [/v2/api-docs] onto method [springfox.documentation.swagger2.web.Swagger2Controller#getDocumentation(String, HttpServletRequest)]
2020-08-30 03:21:36.790 [main] INFO  o.s.scheduling.concurrent.ThreadPoolTaskExecutor - Initializing ExecutorService 'applicationTaskExecutor'
2020-08-30 03:21:37.162 [main] INFO  s.d.s.web.plugins.DocumentationPluginsBootstrapper - Context refreshed
2020-08-30 03:21:37.180 [main] INFO  s.d.s.web.plugins.DocumentationPluginsBootstrapper - Found 1 custom documentation plugin(s)
2020-08-30 03:21:37.209 [main] INFO  s.d.spring.web.scanners.ApiListingReferenceScanner - Scanning for api listing references
2020-08-30 03:21:37.353 [main] INFO  org.apache.coyote.http11.Http11NioProtocol - Starting ProtocolHandler ["http-nio-8001"]
2020-08-30 03:21:37.390 [main] INFO  o.s.boot.web.embedded.tomcat.TomcatWebServer - Tomcat started on port(s): 8001 (http) with context path ''
2020-08-30 03:21:37.392 [main] INFO  com.zx.service.edu_service.EduApplication - Started EduApplication in 4.098 seconds (JVM running for 5.537)
2020-08-30 03:21:44.147 [http-nio-8001-exec-1] INFO  o.a.c.core.ContainerBase.[Tomcat].[localhost].[/] - Initializing Spring DispatcherServlet 'dispatcherServlet'
2020-08-30 03:21:44.147 [http-nio-8001-exec-1] INFO  org.springframework.web.servlet.DispatcherServlet - Initializing Servlet 'dispatcherServlet'
2020-08-30 03:21:44.152 [http-nio-8001-exec-1] INFO  org.springframework.web.servlet.DispatcherServlet - Completed initialization in 5 ms
2020-08-30 03:25:20.290 [http-nio-8001-exec-6] INFO  com.zaxxer.hikari.HikariDataSource - HikariPool-1 - Starting...
2020-08-30 03:25:20.690 [http-nio-8001-exec-6] INFO  com.zaxxer.hikari.HikariDataSource - HikariPool-1 - Start completed.
2020-08-30 03:27:44.774 [SpringContextShutdownHook] INFO  o.s.scheduling.concurrent.ThreadPoolTaskExecutor - Shutting down ExecutorService 'applicationTaskExecutor'
2020-08-30 03:27:44.775 [SpringContextShutdownHook] INFO  com.zaxxer.hikari.HikariDataSource - HikariPool-1 - Shutdown initiated...
2020-08-30 03:27:44.782 [SpringContextShutdownHook] INFO  com.zaxxer.hikari.HikariDataSource - HikariPool-1 - Shutdown completed.
2020-08-30 03:27:49.893 [main] INFO  com.zx.service.edu_service.EduApplication - Starting EduApplication on DESKTOP-C0UPCFC with PID 20192 (E:\guli\service\service_edu\target\classes started by zx in E:\guli)
2020-08-30 03:27:49.896 [main] INFO  com.zx.service.edu_service.EduApplication - The following profiles are active: dev
2020-08-30 03:27:50.604 [main] INFO  o.s.d.r.config.RepositoryConfigurationDelegate - Multiple Spring Data modules found, entering strict repository configuration mode!
2020-08-30 03:27:50.606 [main] INFO  o.s.d.r.config.RepositoryConfigurationDelegate - Bootstrapping Spring Data repositories in DEFAULT mode.
2020-08-30 03:27:50.631 [main] INFO  o.s.d.r.config.RepositoryConfigurationDelegate - Finished Spring Data repository scanning in 13ms. Found 0 repository interfaces.
2020-08-30 03:27:50.907 [main] INFO  o.s.c.s.PostProcessorRegistrationDelegate$BeanPostProcessorChecker - Bean 'org.springframework.transaction.annotation.ProxyTransactionManagementConfiguration' of type [org.springframework.transaction.annotation.ProxyTransactionManagementConfiguration] is not eligible for getting processed by all BeanPostProcessors (for example: not eligible for auto-proxying)
2020-08-30 03:27:51.094 [main] INFO  o.s.boot.web.embedded.tomcat.TomcatWebServer - Tomcat initialized with port(s): 8001 (http)
2020-08-30 03:27:51.101 [main] INFO  org.apache.coyote.http11.Http11NioProtocol - Initializing ProtocolHandler ["http-nio-8001"]
2020-08-30 03:27:51.102 [main] INFO  org.apache.catalina.core.StandardService - Starting service [Tomcat]
2020-08-30 03:27:51.102 [main] INFO  org.apache.catalina.core.StandardEngine - Starting Servlet engine: [Apache Tomcat/9.0.27]
2020-08-30 03:27:51.209 [main] INFO  o.a.c.core.ContainerBase.[Tomcat].[localhost].[/] - Initializing Spring embedded WebApplicationContext
2020-08-30 03:27:51.210 [main] INFO  org.springframework.web.context.ContextLoader - Root WebApplicationContext: initialization completed in 1258 ms
2020-08-30 03:27:52.960 [main] INFO  s.d.s.w.PropertySourcedRequestMappingHandlerMapping - Mapped URL path [/v2/api-docs] onto method [springfox.documentation.swagger2.web.Swagger2Controller#getDocumentation(String, HttpServletRequest)]
2020-08-30 03:27:53.078 [main] INFO  o.s.scheduling.concurrent.ThreadPoolTaskExecutor - Initializing ExecutorService 'applicationTaskExecutor'
2020-08-30 03:27:53.508 [main] INFO  s.d.s.web.plugins.DocumentationPluginsBootstrapper - Context refreshed
2020-08-30 03:27:53.522 [main] INFO  s.d.s.web.plugins.DocumentationPluginsBootstrapper - Found 1 custom documentation plugin(s)
2020-08-30 03:27:53.552 [main] INFO  s.d.spring.web.scanners.ApiListingReferenceScanner - Scanning for api listing references
2020-08-30 03:27:53.714 [main] INFO  org.apache.coyote.http11.Http11NioProtocol - Starting ProtocolHandler ["http-nio-8001"]
2020-08-30 03:27:53.740 [main] INFO  o.s.boot.web.embedded.tomcat.TomcatWebServer - Tomcat started on port(s): 8001 (http) with context path ''
2020-08-30 03:27:53.743 [main] INFO  com.zx.service.edu_service.EduApplication - Started EduApplication in 4.3 seconds (JVM running for 5.695)
2020-08-30 03:28:03.797 [http-nio-8001-exec-1] INFO  o.a.c.core.ContainerBase.[Tomcat].[localhost].[/] - Initializing Spring DispatcherServlet 'dispatcherServlet'
2020-08-30 03:28:03.797 [http-nio-8001-exec-1] INFO  org.springframework.web.servlet.DispatcherServlet - Initializing Servlet 'dispatcherServlet'
2020-08-30 03:28:03.803 [http-nio-8001-exec-1] INFO  org.springframework.web.servlet.DispatcherServlet - Completed initialization in 6 ms
2020-08-30 03:32:56.308 [SpringContextShutdownHook] INFO  o.s.scheduling.concurrent.ThreadPoolTaskExecutor - Shutting down ExecutorService 'applicationTaskExecutor'
2020-08-30 03:33:01.858 [main] INFO  com.zx.service.edu_service.EduApplication - Starting EduApplication on DESKTOP-C0UPCFC with PID 11292 (E:\guli\service\service_edu\target\classes started by zx in E:\guli)
2020-08-30 03:33:01.887 [main] INFO  com.zx.service.edu_service.EduApplication - The following profiles are active: dev
2020-08-30 03:33:02.565 [main] INFO  o.s.d.r.config.RepositoryConfigurationDelegate - Multiple Spring Data modules found, entering strict repository configuration mode!
2020-08-30 03:33:02.567 [main] INFO  o.s.d.r.config.RepositoryConfigurationDelegate - Bootstrapping Spring Data repositories in DEFAULT mode.
2020-08-30 03:33:02.589 [main] INFO  o.s.d.r.config.RepositoryConfigurationDelegate - Finished Spring Data repository scanning in 11ms. Found 0 repository interfaces.
2020-08-30 03:33:02.839 [main] INFO  o.s.c.s.PostProcessorRegistrationDelegate$BeanPostProcessorChecker - Bean 'org.springframework.transaction.annotation.ProxyTransactionManagementConfiguration' of type [org.springframework.transaction.annotation.ProxyTransactionManagementConfiguration] is not eligible for getting processed by all BeanPostProcessors (for example: not eligible for auto-proxying)
2020-08-30 03:33:03.018 [main] INFO  o.s.boot.web.embedded.tomcat.TomcatWebServer - Tomcat initialized with port(s): 8001 (http)
2020-08-30 03:33:03.025 [main] INFO  org.apache.coyote.http11.Http11NioProtocol - Initializing ProtocolHandler ["http-nio-8001"]
2020-08-30 03:33:03.025 [main] INFO  org.apache.catalina.core.StandardService - Starting service [Tomcat]
2020-08-30 03:33:03.026 [main] INFO  org.apache.catalina.core.StandardEngine - Starting Servlet engine: [Apache Tomcat/9.0.27]
2020-08-30 03:33:03.133 [main] INFO  o.a.c.core.ContainerBase.[Tomcat].[localhost].[/] - Initializing Spring embedded WebApplicationContext
2020-08-30 03:33:03.133 [main] INFO  org.springframework.web.context.ContextLoader - Root WebApplicationContext: initialization completed in 1216 ms
2020-08-30 03:33:04.766 [main] INFO  s.d.s.w.PropertySourcedRequestMappingHandlerMapping - Mapped URL path [/v2/api-docs] onto method [springfox.documentation.swagger2.web.Swagger2Controller#getDocumentation(String, HttpServletRequest)]
2020-08-30 03:33:04.844 [main] INFO  o.s.scheduling.concurrent.ThreadPoolTaskExecutor - Initializing ExecutorService 'applicationTaskExecutor'
2020-08-30 03:33:05.207 [main] INFO  s.d.s.web.plugins.DocumentationPluginsBootstrapper - Context refreshed
2020-08-30 03:33:05.220 [main] INFO  s.d.s.web.plugins.DocumentationPluginsBootstrapper - Found 1 custom documentation plugin(s)
2020-08-30 03:33:05.247 [main] INFO  s.d.spring.web.scanners.ApiListingReferenceScanner - Scanning for api listing references
2020-08-30 03:33:05.406 [main] INFO  org.apache.coyote.http11.Http11NioProtocol - Starting ProtocolHandler ["http-nio-8001"]
2020-08-30 03:33:05.426 [main] INFO  o.s.boot.web.embedded.tomcat.TomcatWebServer - Tomcat started on port(s): 8001 (http) with context path ''
2020-08-30 03:33:05.428 [main] INFO  com.zx.service.edu_service.EduApplication - Started EduApplication in 3.987 seconds (JVM running for 5.356)
2020-08-30 03:33:13.885 [http-nio-8001-exec-1] INFO  o.a.c.core.ContainerBase.[Tomcat].[localhost].[/] - Initializing Spring DispatcherServlet 'dispatcherServlet'
2020-08-30 03:33:13.885 [http-nio-8001-exec-1] INFO  org.springframework.web.servlet.DispatcherServlet - Initializing Servlet 'dispatcherServlet'
2020-08-30 03:33:13.892 [http-nio-8001-exec-1] INFO  org.springframework.web.servlet.DispatcherServlet - Completed initialization in 6 ms
2020-08-30 03:33:19.909 [http-nio-8001-exec-1] INFO  com.zaxxer.hikari.HikariDataSource - HikariPool-1 - Starting...
2020-08-30 03:33:20.006 [http-nio-8001-exec-1] INFO  com.zaxxer.hikari.HikariDataSource - HikariPool-1 - Start completed.
2020-08-30 04:05:28.182 [http-nio-8001-exec-7] INFO  c.z.service.edu_service.config.MyMetaObjectHandler - start insert fill ....
2020-08-30 04:05:40.344 [http-nio-8001-exec-8] INFO  c.z.service.edu_service.config.MyMetaObjectHandler - start insert fill ....
2020-08-30 04:05:42.423 [http-nio-8001-exec-9] INFO  c.z.service.edu_service.config.MyMetaObjectHandler - start insert fill ....
2020-08-30 04:05:43.071 [http-nio-8001-exec-10] INFO  c.z.service.edu_service.config.MyMetaObjectHandler - start insert fill ....
2020-08-30 04:05:43.584 [http-nio-8001-exec-2] INFO  c.z.service.edu_service.config.MyMetaObjectHandler - start insert fill ....
2020-08-30 04:05:44.115 [http-nio-8001-exec-1] INFO  c.z.service.edu_service.config.MyMetaObjectHandler - start insert fill ....
2020-08-30 04:05:44.629 [http-nio-8001-exec-3] INFO  c.z.service.edu_service.config.MyMetaObjectHandler - start insert fill ....
2020-08-30 04:05:45.126 [http-nio-8001-exec-5] INFO  c.z.service.edu_service.config.MyMetaObjectHandler - start insert fill ....
2020-08-30 04:05:45.618 [http-nio-8001-exec-4] INFO  c.z.service.edu_service.config.MyMetaObjectHandler - start insert fill ....
2020-08-30 04:05:46.592 [http-nio-8001-exec-6] INFO  c.z.service.edu_service.config.MyMetaObjectHandler - start insert fill ....
2020-08-30 04:05:47.158 [http-nio-8001-exec-7] INFO  c.z.service.edu_service.config.MyMetaObjectHandler - start insert fill ....
2020-08-30 04:05:53.168 [http-nio-8001-exec-8] INFO  c.z.service.edu_service.config.MyMetaObjectHandler - start insert fill ....
2020-08-30 04:06:03.364 [http-nio-8001-exec-9] INFO  c.z.service.edu_service.config.MyMetaObjectHandler - start insert fill ....
2020-08-30 04:06:13.078 [http-nio-8001-exec-10] INFO  c.z.service.edu_service.config.MyMetaObjectHandler - start insert fill ....
2020-08-30 04:06:17.114 [http-nio-8001-exec-2] INFO  c.z.service.edu_service.config.MyMetaObjectHandler - start insert fill ....
2020-08-30 04:06:20.324 [http-nio-8001-exec-1] INFO  c.z.service.edu_service.config.MyMetaObjectHandler - start insert fill ....
2020-08-30 04:06:23.790 [http-nio-8001-exec-3] INFO  c.z.service.edu_service.config.MyMetaObjectHandler - start insert fill ....
2020-08-30 04:06:29.432 [http-nio-8001-exec-5] INFO  c.z.service.edu_service.config.MyMetaObjectHandler - start insert fill ....
2020-08-30 17:48:33.624 [SpringContextShutdownHook] INFO  o.s.scheduling.concurrent.ThreadPoolTaskExecutor - Shutting down ExecutorService 'applicationTaskExecutor'
2020-08-30 17:48:33.626 [SpringContextShutdownHook] INFO  com.zaxxer.hikari.HikariDataSource - HikariPool-1 - Shutdown initiated...
2020-08-30 17:48:33.630 [SpringContextShutdownHook] INFO  com.zaxxer.hikari.HikariDataSource - HikariPool-1 - Shutdown completed.
2020-08-30 17:48:40.006 [main] INFO  com.zx.service.edu_service.EduApplication - Starting EduApplication on DESKTOP-C0UPCFC with PID 21532 (E:\guli\service\service_edu\target\classes started by zx in E:\guli)
2020-08-30 17:48:40.009 [main] INFO  com.zx.service.edu_service.EduApplication - The following profiles are active: dev
2020-08-30 17:48:40.713 [main] INFO  o.s.d.r.config.RepositoryConfigurationDelegate - Multiple Spring Data modules found, entering strict repository configuration mode!
2020-08-30 17:48:40.714 [main] INFO  o.s.d.r.config.RepositoryConfigurationDelegate - Bootstrapping Spring Data repositories in DEFAULT mode.
2020-08-30 17:48:40.739 [main] INFO  o.s.d.r.config.RepositoryConfigurationDelegate - Finished Spring Data repository scanning in 12ms. Found 0 repository interfaces.
2020-08-30 17:48:40.985 [main] INFO  o.s.c.s.PostProcessorRegistrationDelegate$BeanPostProcessorChecker - Bean 'org.springframework.transaction.annotation.ProxyTransactionManagementConfiguration' of type [org.springframework.transaction.annotation.ProxyTransactionManagementConfiguration] is not eligible for getting processed by all BeanPostProcessors (for example: not eligible for auto-proxying)
2020-08-30 17:48:41.168 [main] INFO  o.s.boot.web.embedded.tomcat.TomcatWebServer - Tomcat initialized with port(s): 8001 (http)
2020-08-30 17:48:41.175 [main] INFO  org.apache.coyote.http11.Http11NioProtocol - Initializing ProtocolHandler ["http-nio-8001"]
2020-08-30 17:48:41.175 [main] INFO  org.apache.catalina.core.StandardService - Starting service [Tomcat]
2020-08-30 17:48:41.176 [main] INFO  org.apache.catalina.core.StandardEngine - Starting Servlet engine: [Apache Tomcat/9.0.27]
2020-08-30 17:48:41.282 [main] INFO  o.a.c.core.ContainerBase.[Tomcat].[localhost].[/] - Initializing Spring embedded WebApplicationContext
2020-08-30 17:48:41.282 [main] INFO  org.springframework.web.context.ContextLoader - Root WebApplicationContext: initialization completed in 1243 ms
2020-08-30 17:48:42.837 [main] INFO  s.d.s.w.PropertySourcedRequestMappingHandlerMapping - Mapped URL path [/v2/api-docs] onto method [springfox.documentation.swagger2.web.Swagger2Controller#getDocumentation(String, HttpServletRequest)]
2020-08-30 17:48:42.916 [main] INFO  o.s.scheduling.concurrent.ThreadPoolTaskExecutor - Initializing ExecutorService 'applicationTaskExecutor'
2020-08-30 17:48:43.273 [main] INFO  s.d.s.web.plugins.DocumentationPluginsBootstrapper - Context refreshed
2020-08-30 17:48:43.286 [main] INFO  s.d.s.web.plugins.DocumentationPluginsBootstrapper - Found 1 custom documentation plugin(s)
2020-08-30 17:48:43.314 [main] INFO  s.d.spring.web.scanners.ApiListingReferenceScanner - Scanning for api listing references
2020-08-30 17:48:43.462 [main] INFO  org.apache.coyote.http11.Http11NioProtocol - Starting ProtocolHandler ["http-nio-8001"]
2020-08-30 17:48:43.497 [main] INFO  o.s.boot.web.embedded.tomcat.TomcatWebServer - Tomcat started on port(s): 8001 (http) with context path ''
2020-08-30 17:48:43.500 [main] INFO  com.zx.service.edu_service.EduApplication - Started EduApplication in 3.962 seconds (JVM running for 5.389)
2020-08-30 17:48:56.469 [http-nio-8001-exec-1] INFO  o.a.c.core.ContainerBase.[Tomcat].[localhost].[/] - Initializing Spring DispatcherServlet 'dispatcherServlet'
2020-08-30 17:48:56.469 [http-nio-8001-exec-1] INFO  org.springframework.web.servlet.DispatcherServlet - Initializing Servlet 'dispatcherServlet'
2020-08-30 17:48:56.474 [http-nio-8001-exec-1] INFO  org.springframework.web.servlet.DispatcherServlet - Completed initialization in 5 ms
2020-08-30 17:49:05.588 [http-nio-8001-exec-2] INFO  com.zaxxer.hikari.HikariDataSource - HikariPool-1 - Starting...
2020-08-30 17:49:05.945 [http-nio-8001-exec-2] INFO  com.zaxxer.hikari.HikariDataSource - HikariPool-1 - Start completed.
2020-08-30 18:07:17.907 [SpringContextShutdownHook] INFO  o.s.scheduling.concurrent.ThreadPoolTaskExecutor - Shutting down ExecutorService 'applicationTaskExecutor'
2020-08-30 18:07:17.908 [SpringContextShutdownHook] INFO  com.zaxxer.hikari.HikariDataSource - HikariPool-1 - Shutdown initiated...
2020-08-30 18:07:17.914 [SpringContextShutdownHook] INFO  com.zaxxer.hikari.HikariDataSource - HikariPool-1 - Shutdown completed.
2020-08-30 18:07:23.812 [main] INFO  com.zx.service.edu_service.EduApplication - Starting EduApplication on DESKTOP-C0UPCFC with PID 13724 (E:\guli\service\service_edu\target\classes started by zx in E:\guli)
2020-08-30 18:07:23.815 [main] INFO  com.zx.service.edu_service.EduApplication - The following profiles are active: dev
2020-08-30 18:07:24.591 [main] INFO  o.s.d.r.config.RepositoryConfigurationDelegate - Multiple Spring Data modules found, entering strict repository configuration mode!
2020-08-30 18:07:24.593 [main] INFO  o.s.d.r.config.RepositoryConfigurationDelegate - Bootstrapping Spring Data repositories in DEFAULT mode.
2020-08-30 18:07:24.617 [main] INFO  o.s.d.r.config.RepositoryConfigurationDelegate - Finished Spring Data repository scanning in 13ms. Found 0 repository interfaces.
2020-08-30 18:07:24.864 [main] INFO  o.s.c.s.PostProcessorRegistrationDelegate$BeanPostProcessorChecker - Bean 'org.springframework.transaction.annotation.ProxyTransactionManagementConfiguration' of type [org.springframework.transaction.annotation.ProxyTransactionManagementConfiguration] is not eligible for getting processed by all BeanPostProcessors (for example: not eligible for auto-proxying)
2020-08-30 18:07:25.051 [main] INFO  o.s.boot.web.embedded.tomcat.TomcatWebServer - Tomcat initialized with port(s): 8001 (http)
2020-08-30 18:07:25.058 [main] INFO  org.apache.coyote.http11.Http11NioProtocol - Initializing ProtocolHandler ["http-nio-8001"]
2020-08-30 18:07:25.059 [main] INFO  org.apache.catalina.core.StandardService - Starting service [Tomcat]
2020-08-30 18:07:25.059 [main] INFO  org.apache.catalina.core.StandardEngine - Starting Servlet engine: [Apache Tomcat/9.0.27]
2020-08-30 18:07:25.168 [main] INFO  o.a.c.core.ContainerBase.[Tomcat].[localhost].[/] - Initializing Spring embedded WebApplicationContext
2020-08-30 18:07:25.169 [main] INFO  org.springframework.web.context.ContextLoader - Root WebApplicationContext: initialization completed in 1319 ms
2020-08-30 18:07:26.733 [main] INFO  s.d.s.w.PropertySourcedRequestMappingHandlerMapping - Mapped URL path [/v2/api-docs] onto method [springfox.documentation.swagger2.web.Swagger2Controller#getDocumentation(String, HttpServletRequest)]
2020-08-30 18:07:26.812 [main] INFO  o.s.scheduling.concurrent.ThreadPoolTaskExecutor - Initializing ExecutorService 'applicationTaskExecutor'
2020-08-30 18:07:27.173 [main] INFO  s.d.s.web.plugins.DocumentationPluginsBootstrapper - Context refreshed
2020-08-30 18:07:27.187 [main] INFO  s.d.s.web.plugins.DocumentationPluginsBootstrapper - Found 1 custom documentation plugin(s)
2020-08-30 18:07:27.219 [main] INFO  s.d.spring.web.scanners.ApiListingReferenceScanner - Scanning for api listing references
2020-08-30 18:07:27.362 [main] INFO  org.apache.coyote.http11.Http11NioProtocol - Starting ProtocolHandler ["http-nio-8001"]
2020-08-30 18:07:27.396 [main] INFO  o.s.boot.web.embedded.tomcat.TomcatWebServer - Tomcat started on port(s): 8001 (http) with context path ''
2020-08-30 18:07:27.399 [main] INFO  com.zx.service.edu_service.EduApplication - Started EduApplication in 4.082 seconds (JVM running for 5.478)
2020-08-30 18:07:51.499 [http-nio-8001-exec-1] INFO  o.a.c.core.ContainerBase.[Tomcat].[localhost].[/] - Initializing Spring DispatcherServlet 'dispatcherServlet'
2020-08-30 18:07:51.499 [http-nio-8001-exec-1] INFO  org.springframework.web.servlet.DispatcherServlet - Initializing Servlet 'dispatcherServlet'
2020-08-30 18:07:51.503 [http-nio-8001-exec-1] INFO  org.springframework.web.servlet.DispatcherServlet - Completed initialization in 4 ms
2020-08-30 18:07:51.619 [http-nio-8001-exec-1] INFO  com.zaxxer.hikari.HikariDataSource - HikariPool-1 - Starting...
2020-08-30 18:07:51.711 [http-nio-8001-exec-1] INFO  com.zaxxer.hikari.HikariDataSource - HikariPool-1 - Start completed.
2020-08-30 19:45:50.484 [SpringContextShutdownHook] INFO  o.s.scheduling.concurrent.ThreadPoolTaskExecutor - Shutting down ExecutorService 'applicationTaskExecutor'
2020-08-30 19:45:50.490 [SpringContextShutdownHook] INFO  com.zaxxer.hikari.HikariDataSource - HikariPool-1 - Shutdown initiated...
2020-08-30 19:45:50.497 [SpringContextShutdownHook] INFO  com.zaxxer.hikari.HikariDataSource - HikariPool-1 - Shutdown completed.
2020-08-30 19:45:56.361 [main] INFO  com.zx.service.edu_service.EduApplication - Starting EduApplication on DESKTOP-C0UPCFC with PID 3940 (E:\guli\service\service_edu\target\classes started by zx in E:\guli)
2020-08-30 19:45:56.366 [main] INFO  com.zx.service.edu_service.EduApplication - The following profiles are active: dev
2020-08-30 19:45:57.567 [main] INFO  o.s.d.r.config.RepositoryConfigurationDelegate - Multiple Spring Data modules found, entering strict repository configuration mode!
2020-08-30 19:45:57.570 [main] INFO  o.s.d.r.config.RepositoryConfigurationDelegate - Bootstrapping Spring Data repositories in DEFAULT mode.
2020-08-30 19:45:57.613 [main] INFO  o.s.d.r.config.RepositoryConfigurationDelegate - Finished Spring Data repository scanning in 24ms. Found 0 repository interfaces.
2020-08-30 19:45:58.159 [main] INFO  o.s.c.s.PostProcessorRegistrationDelegate$BeanPostProcessorChecker - Bean 'org.springframework.transaction.annotation.ProxyTransactionManagementConfiguration' of type [org.springframework.transaction.annotation.ProxyTransactionManagementConfiguration] is not eligible for getting processed by all BeanPostProcessors (for example: not eligible for auto-proxying)
2020-08-30 19:45:58.563 [main] INFO  o.s.boot.web.embedded.tomcat.TomcatWebServer - Tomcat initialized with port(s): 8001 (http)
2020-08-30 19:45:58.577 [main] INFO  org.apache.coyote.http11.Http11NioProtocol - Initializing ProtocolHandler ["http-nio-8001"]
2020-08-30 19:45:58.578 [main] INFO  org.apache.catalina.core.StandardService - Starting service [Tomcat]
2020-08-30 19:45:58.579 [main] INFO  org.apache.catalina.core.StandardEngine - Starting Servlet engine: [Apache Tomcat/9.0.27]
2020-08-30 19:45:58.839 [main] INFO  o.a.c.core.ContainerBase.[Tomcat].[localhost].[/] - Initializing Spring embedded WebApplicationContext
2020-08-30 19:45:58.841 [main] INFO  org.springframework.web.context.ContextLoader - Root WebApplicationContext: initialization completed in 2375 ms
2020-08-30 19:46:01.982 [main] INFO  s.d.s.w.PropertySourcedRequestMappingHandlerMapping - Mapped URL path [/v2/api-docs] onto method [springfox.documentation.swagger2.web.Swagger2Controller#getDocumentation(String, HttpServletRequest)]
2020-08-30 19:46:02.131 [main] INFO  o.s.scheduling.concurrent.ThreadPoolTaskExecutor - Initializing ExecutorService 'applicationTaskExecutor'
2020-08-30 19:46:02.841 [main] INFO  s.d.s.web.plugins.DocumentationPluginsBootstrapper - Context refreshed
2020-08-30 19:46:02.867 [main] INFO  s.d.s.web.plugins.DocumentationPluginsBootstrapper - Found 1 custom documentation plugin(s)
2020-08-30 19:46:02.917 [main] INFO  s.d.spring.web.scanners.ApiListingReferenceScanner - Scanning for api listing references
2020-08-30 19:46:03.205 [main] INFO  org.apache.coyote.http11.Http11NioProtocol - Starting ProtocolHandler ["http-nio-8001"]
2020-08-30 19:46:03.247 [main] INFO  o.s.boot.web.embedded.tomcat.TomcatWebServer - Tomcat started on port(s): 8001 (http) with context path ''
2020-08-30 19:46:03.251 [main] INFO  com.zx.service.edu_service.EduApplication - Started EduApplication in 7.679 seconds (JVM running for 10.416)
2020-08-30 19:46:18.522 [http-nio-8001-exec-1] INFO  o.a.c.core.ContainerBase.[Tomcat].[localhost].[/] - Initializing Spring DispatcherServlet 'dispatcherServlet'
2020-08-30 19:46:18.522 [http-nio-8001-exec-1] INFO  org.springframework.web.servlet.DispatcherServlet - Initializing Servlet 'dispatcherServlet'
2020-08-30 19:46:18.537 [http-nio-8001-exec-1] INFO  org.springframework.web.servlet.DispatcherServlet - Completed initialization in 15 ms
2020-08-30 19:46:54.953 [http-nio-8001-exec-2] INFO  com.zaxxer.hikari.HikariDataSource - HikariPool-1 - Starting...
2020-08-30 19:46:55.158 [http-nio-8001-exec-2] INFO  com.zaxxer.hikari.HikariDataSource - HikariPool-1 - Start completed.
2020-08-30 19:51:04.827 [SpringContextShutdownHook] INFO  o.s.scheduling.concurrent.ThreadPoolTaskExecutor - Shutting down ExecutorService 'applicationTaskExecutor'
2020-08-30 19:51:04.829 [SpringContextShutdownHook] INFO  com.zaxxer.hikari.HikariDataSource - HikariPool-1 - Shutdown initiated...
2020-08-30 19:51:04.841 [SpringContextShutdownHook] INFO  com.zaxxer.hikari.HikariDataSource - HikariPool-1 - Shutdown completed.
2020-08-30 19:51:13.575 [main] INFO  com.zx.service.edu_service.EduApplication - Starting EduApplication on DESKTOP-C0UPCFC with PID 22900 (E:\guli\service\service_edu\target\classes started by zx in E:\guli)
2020-08-30 19:51:13.614 [main] INFO  com.zx.service.edu_service.EduApplication - The following profiles are active: dev
2020-08-30 19:51:14.661 [main] INFO  o.s.d.r.config.RepositoryConfigurationDelegate - Multiple Spring Data modules found, entering strict repository configuration mode!
2020-08-30 19:51:14.663 [main] INFO  o.s.d.r.config.RepositoryConfigurationDelegate - Bootstrapping Spring Data repositories in DEFAULT mode.
2020-08-30 19:51:14.699 [main] INFO  o.s.d.r.config.RepositoryConfigurationDelegate - Finished Spring Data repository scanning in 19ms. Found 0 repository interfaces.
2020-08-30 19:51:15.085 [main] INFO  o.s.c.s.PostProcessorRegistrationDelegate$BeanPostProcessorChecker - Bean 'org.springframework.transaction.annotation.ProxyTransactionManagementConfiguration' of type [org.springframework.transaction.annotation.ProxyTransactionManagementConfiguration] is not eligible for getting processed by all BeanPostProcessors (for example: not eligible for auto-proxying)
2020-08-30 19:51:15.369 [main] INFO  o.s.boot.web.embedded.tomcat.TomcatWebServer - Tomcat initialized with port(s): 8001 (http)
2020-08-30 19:51:15.380 [main] INFO  org.apache.coyote.http11.Http11NioProtocol - Initializing ProtocolHandler ["http-nio-8001"]
2020-08-30 19:51:15.381 [main] INFO  org.apache.catalina.core.StandardService - Starting service [Tomcat]
2020-08-30 19:51:15.381 [main] INFO  org.apache.catalina.core.StandardEngine - Starting Servlet engine: [Apache Tomcat/9.0.27]
2020-08-30 19:51:15.545 [main] INFO  o.a.c.core.ContainerBase.[Tomcat].[localhost].[/] - Initializing Spring embedded WebApplicationContext
2020-08-30 19:51:15.546 [main] INFO  org.springframework.web.context.ContextLoader - Root WebApplicationContext: initialization completed in 1879 ms
2020-08-30 19:51:17.839 [main] INFO  s.d.s.w.PropertySourcedRequestMappingHandlerMapping - Mapped URL path [/v2/api-docs] onto method [springfox.documentation.swagger2.web.Swagger2Controller#getDocumentation(String, HttpServletRequest)]
2020-08-30 19:51:17.956 [main] INFO  o.s.scheduling.concurrent.ThreadPoolTaskExecutor - Initializing ExecutorService 'applicationTaskExecutor'
2020-08-30 19:51:18.511 [main] INFO  s.d.s.web.plugins.DocumentationPluginsBootstrapper - Context refreshed
2020-08-30 19:51:18.531 [main] INFO  s.d.s.web.plugins.DocumentationPluginsBootstrapper - Found 1 custom documentation plugin(s)
2020-08-30 19:51:18.573 [main] INFO  s.d.spring.web.scanners.ApiListingReferenceScanner - Scanning for api listing references
2020-08-30 19:51:18.812 [main] INFO  org.apache.coyote.http11.Http11NioProtocol - Starting ProtocolHandler ["http-nio-8001"]
2020-08-30 19:51:18.844 [main] INFO  o.s.boot.web.embedded.tomcat.TomcatWebServer - Tomcat started on port(s): 8001 (http) with context path ''
2020-08-30 19:51:18.848 [main] INFO  com.zx.service.edu_service.EduApplication - Started EduApplication in 6.023 seconds (JVM running for 8.199)
2020-08-30 19:51:58.175 [http-nio-8001-exec-1] INFO  o.a.c.core.ContainerBase.[Tomcat].[localhost].[/] - Initializing Spring DispatcherServlet 'dispatcherServlet'
2020-08-30 19:51:58.176 [http-nio-8001-exec-1] INFO  org.springframework.web.servlet.DispatcherServlet - Initializing Servlet 'dispatcherServlet'
2020-08-30 19:51:58.189 [http-nio-8001-exec-1] INFO  org.springframework.web.servlet.DispatcherServlet - Completed initialization in 13 ms
2020-08-30 19:51:58.683 [http-nio-8001-exec-2] INFO  com.zaxxer.hikari.HikariDataSource - HikariPool-1 - Starting...
2020-08-30 19:51:58.856 [http-nio-8001-exec-2] INFO  com.zaxxer.hikari.HikariDataSource - HikariPool-1 - Start completed.
2020-08-30 22:28:50.769 [SpringContextShutdownHook] INFO  o.s.scheduling.concurrent.ThreadPoolTaskExecutor - Shutting down ExecutorService 'applicationTaskExecutor'
2020-08-30 22:28:50.774 [SpringContextShutdownHook] INFO  com.zaxxer.hikari.HikariDataSource - HikariPool-1 - Shutdown initiated...
2020-08-30 22:28:50.779 [SpringContextShutdownHook] INFO  com.zaxxer.hikari.HikariDataSource - HikariPool-1 - Shutdown completed.
2020-08-30 22:28:54.596 [main] INFO  com.zx.service.edu_service.EduApplication - Starting EduApplication on DESKTOP-C0UPCFC with PID 18936 (E:\guli\service\service_edu\target\classes started by zx in E:\guli)
2020-08-30 22:28:54.634 [main] INFO  com.zx.service.edu_service.EduApplication - The following profiles are active: dev
2020-08-30 22:28:55.450 [main] INFO  o.s.d.r.config.RepositoryConfigurationDelegate - Multiple Spring Data modules found, entering strict repository configuration mode!
2020-08-30 22:28:55.452 [main] INFO  o.s.d.r.config.RepositoryConfigurationDelegate - Bootstrapping Spring Data repositories in DEFAULT mode.
2020-08-30 22:28:55.479 [main] INFO  o.s.d.r.config.RepositoryConfigurationDelegate - Finished Spring Data repository scanning in 14ms. Found 0 repository interfaces.
2020-08-30 22:28:55.799 [main] INFO  o.s.c.s.PostProcessorRegistrationDelegate$BeanPostProcessorChecker - Bean 'org.springframework.transaction.annotation.ProxyTransactionManagementConfiguration' of type [org.springframework.transaction.annotation.ProxyTransactionManagementConfiguration] is not eligible for getting processed by all BeanPostProcessors (for example: not eligible for auto-proxying)
2020-08-30 22:28:56.062 [main] INFO  o.s.boot.web.embedded.tomcat.TomcatWebServer - Tomcat initialized with port(s): 8001 (http)
2020-08-30 22:28:56.076 [main] INFO  org.apache.coyote.http11.Http11NioProtocol - Initializing ProtocolHandler ["http-nio-8001"]
2020-08-30 22:28:56.077 [main] INFO  org.apache.catalina.core.StandardService - Starting service [Tomcat]
2020-08-30 22:28:56.077 [main] INFO  org.apache.catalina.core.StandardEngine - Starting Servlet engine: [Apache Tomcat/9.0.27]
2020-08-30 22:28:56.221 [main] INFO  o.a.c.core.ContainerBase.[Tomcat].[localhost].[/] - Initializing Spring embedded WebApplicationContext
2020-08-30 22:28:56.222 [main] INFO  org.springframework.web.context.ContextLoader - Root WebApplicationContext: initialization completed in 1552 ms
2020-08-30 22:28:58.188 [main] INFO  s.d.s.w.PropertySourcedRequestMappingHandlerMapping - Mapped URL path [/v2/api-docs] onto method [springfox.documentation.swagger2.web.Swagger2Controller#getDocumentation(String, HttpServletRequest)]
2020-08-30 22:28:58.309 [main] INFO  o.s.scheduling.concurrent.ThreadPoolTaskExecutor - Initializing ExecutorService 'applicationTaskExecutor'
2020-08-30 22:28:58.879 [main] INFO  s.d.s.web.plugins.DocumentationPluginsBootstrapper - Context refreshed
2020-08-30 22:28:58.898 [main] INFO  s.d.s.web.plugins.DocumentationPluginsBootstrapper - Found 1 custom documentation plugin(s)
2020-08-30 22:28:58.940 [main] INFO  s.d.spring.web.scanners.ApiListingReferenceScanner - Scanning for api listing references
2020-08-30 22:28:59.125 [main] INFO  org.apache.coyote.http11.Http11NioProtocol - Starting ProtocolHandler ["http-nio-8001"]
2020-08-30 22:28:59.148 [main] INFO  o.s.boot.web.embedded.tomcat.TomcatWebServer - Tomcat started on port(s): 8001 (http) with context path ''
2020-08-30 22:28:59.151 [main] INFO  com.zx.service.edu_service.EduApplication - Started EduApplication in 5.081 seconds (JVM running for 7.003)
2020-08-30 22:29:13.328 [http-nio-8001-exec-1] INFO  o.a.c.core.ContainerBase.[Tomcat].[localhost].[/] - Initializing Spring DispatcherServlet 'dispatcherServlet'
2020-08-30 22:29:13.329 [http-nio-8001-exec-1] INFO  org.springframework.web.servlet.DispatcherServlet - Initializing Servlet 'dispatcherServlet'
2020-08-30 22:29:13.336 [http-nio-8001-exec-1] INFO  org.springframework.web.servlet.DispatcherServlet - Completed initialization in 7 ms
2020-08-30 22:52:06.778 [http-nio-8001-exec-9] INFO  com.zaxxer.hikari.HikariDataSource - HikariPool-1 - Starting...
2020-08-30 22:52:06.883 [http-nio-8001-exec-9] INFO  com.zaxxer.hikari.HikariDataSource - HikariPool-1 - Start completed.
2020-08-30 23:04:18.763 [http-nio-8001-exec-7] INFO  c.z.service.edu_service.config.MyMetaObjectHandler - start insert fill ....
